22:55:21 **** Incremental Build of configuration Debug for project Door_Locker_MC1 ****
make all 
Building file: ../App.c
Invoking: AVR Compiler
avr-gcc -Wall -g2 -gstabs -O0 -fpack-struct -fshort-enums -ffunction-sections -fdata-sections -std=gnu99 -funsigned-char -funsigned-bitfields -mmcu=atmega32 -DF_CPU=8000000UL -MMD -MP -MF"App.d" -MT"App.o" -c -o "App.o" "../App.c"
In file included from ../App.c:12:
c:/winavr-20100110/lib/gcc/../../avr/include/util/delay.h:90:3: warning: #warning "Compiler optimizations disabled; functions from <util/delay.h> won't work as designed"
Finished building: ../App.c
 
Building target: Door_Locker_MC1.elf
Invoking: AVR C Linker
avr-gcc -Wl,-Map,Door_Locker_MC1.map -mmcu=atmega32 -o "Door_Locker_MC1.elf"  ./App.o ./gpio.o ./keypad.o ./lcd.o ./timerOne.o ./uart.o   
Finished building target: Door_Locker_MC1.elf
 
Invoking: AVR Create Extended Listing
avr-objdump -h -S Door_Locker_MC1.elf  >"Door_Locker_MC1.lss"
Finished building: Door_Locker_MC1.lss
 
Invoking: Print Size
avr-size --format=avr --mcu=atmega32 Door_Locker_MC1.elf
AVR Memory Usage
----------------
Device: atmega32

Program:   17512 bytes (53.4% Full)
(.text + .data + .bootloader)

Data:        177 bytes (8.6% Full)
(.data + .bss + .noinit)


Finished building: sizedummy
 
22:55:23 **** Incremental Build of configuration Debug for project Door_Locker_MC1 ****
make all 
Invoking: Print Size
avr-size --format=avr --mcu=atmega32 Door_Locker_MC1.elf
AVR Memory Usage
----------------
Device: atmega32

Program:   17512 bytes (53.4% Full)
(.text + .data + .bootloader)

Data:        177 bytes (8.6% Full)
(.data + .bss + .noinit)


Finished building: sizedummy
 
22:55:23 **** Incremental Build of configuration Debug for project Door_Locker_MC2 ****
make all 
Invoking: Print Size
avr-size --format=avr --mcu=atmega32 Door_Locker_MC2.elf
AVR Memory Usage
----------------
Device: atmega32

Program:    8340 bytes (25.5% Full)
(.text + .data + .bootloader)

Data:         25 bytes (1.2% Full)
(.data + .bss + .noinit)


Finished building: sizedummy
 
22:55:24 **** Incremental Build of configuration Debug for project Door_Locker_MC1 ****
make all 
Invoking: Print Size
avr-size --format=avr --mcu=atmega32 Door_Locker_MC1.elf
AVR Memory Usage
----------------
Device: atmega32

Program:   17512 bytes (53.4% Full)
(.text + .data + .bootloader)

Data:        177 bytes (8.6% Full)
(.data + .bss + .noinit)


Finished building: sizedummy
 
22:55:25 **** Incremental Build of configuration Debug for project Door_Locker_MC2 ****
make all 
Invoking: Print Size
avr-size --format=avr --mcu=atmega32 Door_Locker_MC2.elf
AVR Memory Usage
----------------
Device: atmega32

Program:    8340 bytes (25.5% Full)
(.text + .data + .bootloader)

Data:         25 bytes (1.2% Full)
(.data + .bss + .noinit)


Finished building: sizedummy
 
22:55:26 **** Incremental Build of configuration Debug for project Door_Locker_MC1 ****
make all 
Invoking: Print Size
avr-size --format=avr --mcu=atmega32 Door_Locker_MC1.elf
AVR Memory Usage
----------------
Device: atmega32

Program:   17512 bytes (53.4% Full)
(.text + .data + .bootloader)

Data:        177 bytes (8.6% Full)
(.data + .bss + .noinit)


Finished building: sizedummy
 
22:55:26 **** Incremental Build of configuration Debug for project Door_Locker_MC2 ****
make all 
Invoking: Print Size
avr-size --format=avr --mcu=atmega32 Door_Locker_MC2.elf
AVR Memory Usage
----------------
Device: atmega32

Program:    8340 bytes (25.5% Full)
(.text + .data + .bootloader)

Data:         25 bytes (1.2% Full)
(.data + .bss + .noinit)


Finished building: sizedummy
 
22:58:48 **** Incremental Build of configuration Debug for project Door_Locker_MC1 ****
make all 
Building file: ../App.c
Invoking: AVR Compiler
avr-gcc -Wall -g2 -gstabs -O0 -fpack-struct -fshort-enums -ffunction-sections -fdata-sections -std=gnu99 -funsigned-char -funsigned-bitfields -mmcu=atmega32 -DF_CPU=8000000UL -MMD -MP -MF"App.d" -MT"App.o" -c -o "App.o" "../App.c"
In file included from ../App.c:12:
c:/winavr-20100110/lib/gcc/../../avr/include/util/delay.h:90:3: warning: #warning "Compiler optimizations disabled; functions from <util/delay.h> won't work as designed"
Finished building: ../App.c
 
Building target: Door_Locker_MC1.elf
Invoking: AVR C Linker
avr-gcc -Wl,-Map,Door_Locker_MC1.map -mmcu=atmega32 -o "Door_Locker_MC1.elf"  ./App.o ./gpio.o ./keypad.o ./lcd.o ./timerOne.o ./uart.o   
Finished building target: Door_Locker_MC1.elf
 
Invoking: AVR Create Extended Listing
avr-objdump -h -S Door_Locker_MC1.elf  >"Door_Locker_MC1.lss"
Finished building: Door_Locker_MC1.lss
 
Invoking: Print Size
avr-size --format=avr --mcu=atmega32 Door_Locker_MC1.elf
AVR Memory Usage
----------------
Device: atmega32

Program:   18592 bytes (56.7% Full)
(.text + .data + .bootloader)

Data:        177 bytes (8.6% Full)
(.data + .bss + .noinit)


Finished building: sizedummy
 
22:58:48 **** Incremental Build of configuration Debug for project Door_Locker_MC2 ****
make all 
Invoking: Print Size
avr-size --format=avr --mcu=atmega32 Door_Locker_MC2.elf
AVR Memory Usage
----------------
Device: atmega32

Program:    8340 bytes (25.5% Full)
(.text + .data + .bootloader)

Data:         25 bytes (1.2% Full)
(.data + .bss + .noinit)


Finished building: sizedummy
 
22:58:50 **** Incremental Build of configuration Debug for project Door_Locker_MC1 ****
make all 
Invoking: Print Size
avr-size --format=avr --mcu=atmega32 Door_Locker_MC1.elf
AVR Memory Usage
----------------
Device: atmega32

Program:   18592 bytes (56.7% Full)
(.text + .data + .bootloader)

Data:        177 bytes (8.6% Full)
(.data + .bss + .noinit)


Finished building: sizedummy
 
22:58:50 **** Incremental Build of configuration Debug for project Door_Locker_MC2 ****
make all 
Invoking: Print Size
avr-size --format=avr --mcu=atmega32 Door_Locker_MC2.elf
AVR Memory Usage
----------------
Device: atmega32

Program:    8340 bytes (25.5% Full)
(.text + .data + .bootloader)

Data:         25 bytes (1.2% Full)
(.data + .bss + .noinit)


Finished building: sizedummy
 
23:03:12 **** Incremental Build of configuration Debug for project Door_Locker_MC1 ****
make all 
Building file: ../App.c
Invoking: AVR Compiler
avr-gcc -Wall -g2 -gstabs -O0 -fpack-struct -fshort-enums -ffunction-sections -fdata-sections -std=gnu99 -funsigned-char -funsigned-bitfields -mmcu=atmega32 -DF_CPU=8000000UL -MMD -MP -MF"App.d" -MT"App.o" -c -o "App.o" "../App.c"
In file included from ../App.c:12:
c:/winavr-20100110/lib/gcc/../../avr/include/util/delay.h:90:3: warning: #warning "Compiler optimizations disabled; functions from <util/delay.h> won't work as designed"
Finished building: ../App.c
 
Building target: Door_Locker_MC1.elf
Invoking: AVR C Linker
avr-gcc -Wl,-Map,Door_Locker_MC1.map -mmcu=atmega32 -o "Door_Locker_MC1.elf"  ./App.o ./gpio.o ./keypad.o ./lcd.o ./timerOne.o ./uart.o   
Finished building target: Door_Locker_MC1.elf
 
Invoking: AVR Create Extended Listing
avr-objdump -h -S Door_Locker_MC1.elf  >"Door_Locker_MC1.lss"
Finished building: Door_Locker_MC1.lss
 
Invoking: Print Size
avr-size --format=avr --mcu=atmega32 Door_Locker_MC1.elf
AVR Memory Usage
----------------
Device: atmega32

Program:   18582 bytes (56.7% Full)
(.text + .data + .bootloader)

Data:        167 bytes (8.2% Full)
(.data + .bss + .noinit)


Finished building: sizedummy
 
23:03:13 **** Incremental Build of configuration Debug for project Door_Locker_MC2 ****
make all 
Invoking: Print Size
avr-size --format=avr --mcu=atmega32 Door_Locker_MC2.elf
AVR Memory Usage
----------------
Device: atmega32

Program:    8340 bytes (25.5% Full)
(.text + .data + .bootloader)

Data:         25 bytes (1.2% Full)
(.data + .bss + .noinit)


Finished building: sizedummy
 
23:11:27 **** Incremental Build of configuration Debug for project Door_Locker_MC1 ****
make all 
Building file: ../App.c
Invoking: AVR Compiler
avr-gcc -Wall -g2 -gstabs -O0 -fpack-struct -fshort-enums -ffunction-sections -fdata-sections -std=gnu99 -funsigned-char -funsigned-bitfields -mmcu=atmega32 -DF_CPU=8000000UL -MMD -MP -MF"App.d" -MT"App.o" -c -o "App.o" "../App.c"
In file included from ../App.c:12:
c:/winavr-20100110/lib/gcc/../../avr/include/util/delay.h:90:3: warning: #warning "Compiler optimizations disabled; functions from <util/delay.h> won't work as designed"
Finished building: ../App.c
 
Building target: Door_Locker_MC1.elf
Invoking: AVR C Linker
avr-gcc -Wl,-Map,Door_Locker_MC1.map -mmcu=atmega32 -o "Door_Locker_MC1.elf"  ./App.o ./gpio.o ./keypad.o ./lcd.o ./timerOne.o ./uart.o   
Finished building target: Door_Locker_MC1.elf
 
Invoking: AVR Create Extended Listing
avr-objdump -h -S Door_Locker_MC1.elf  >"Door_Locker_MC1.lss"
Finished building: Door_Locker_MC1.lss
 
Invoking: Print Size
avr-size --format=avr --mcu=atmega32 Door_Locker_MC1.elf
AVR Memory Usage
----------------
Device: atmega32

Program:   18944 bytes (57.8% Full)
(.text + .data + .bootloader)

Data:        167 bytes (8.2% Full)
(.data + .bss + .noinit)


Finished building: sizedummy
 
23:11:28 **** Incremental Build of configuration Debug for project Door_Locker_MC2 ****
make all 
Invoking: Print Size
avr-size --format=avr --mcu=atmega32 Door_Locker_MC2.elf
AVR Memory Usage
----------------
Device: atmega32

Program:    8340 bytes (25.5% Full)
(.text + .data + .bootloader)

Data:         25 bytes (1.2% Full)
(.data + .bss + .noinit)


Finished building: sizedummy
 
23:11:30 **** Incremental Build of configuration Debug for project Door_Locker_MC1 ****
make all 
Invoking: Print Size
avr-size --format=avr --mcu=atmega32 Door_Locker_MC1.elf
AVR Memory Usage
----------------
Device: atmega32

Program:   18944 bytes (57.8% Full)
(.text + .data + .bootloader)

Data:        167 bytes (8.2% Full)
(.data + .bss + .noinit)


Finished building: sizedummy
 
23:11:30 **** Incremental Build of configuration Debug for project Door_Locker_MC2 ****
make all 
Invoking: Print Size
avr-size --format=avr --mcu=atmega32 Door_Locker_MC2.elf
AVR Memory Usage
----------------
Device: atmega32

Program:    8340 bytes (25.5% Full)
(.text + .data + .bootloader)

Data:         25 bytes (1.2% Full)
(.data + .bss + .noinit)


Finished building: sizedummy
 
23:16:49 **** Incremental Build of configuration Debug for project Door_Locker_MC1 ****
make all 
Invoking: Print Size
avr-size --format=avr --mcu=atmega32 Door_Locker_MC1.elf
AVR Memory Usage
----------------
Device: atmega32

Program:   18944 bytes (57.8% Full)
(.text + .data + .bootloader)

Data:        167 bytes (8.2% Full)
(.data + .bss + .noinit)


Finished building: sizedummy
 
23:16:49 **** Incremental Build of configuration Debug for project Door_Locker_MC2 ****
make all 
Building file: ../App.c
Invoking: AVR Compiler
avr-gcc -Wall -g2 -gstabs -O0 -fpack-struct -fshort-enums -ffunction-sections -fdata-sections -std=gnu99 -funsigned-char -funsigned-bitfields -mmcu=atmega32 -DF_CPU=8000000UL -MMD -MP -MF"App.d" -MT"App.o" -c -o "App.o" "../App.c"
In file included from ../App.c:14:
c:/winavr-20100110/lib/gcc/../../avr/include/util/delay.h:90:3: warning: #warning "Compiler optimizations disabled; functions from <util/delay.h> won't work as designed"
../App.c:21:1: warning: "ERROR" redefined
In file included from ../App.c:13:
../external_eeprom.h:22:1: warning: this is the location of the previous definition
Finished building: ../App.c
 
Building target: Door_Locker_MC2.elf
Invoking: AVR C Linker
avr-gcc -Wl,-Map,Door_Locker_MC2.map -mmcu=atmega32 -o "Door_Locker_MC2.elf"  ./App.o ./buzzer.o ./dc_motor.o ./external_eeprom.o ./gpio.o ./pwm.o ./timerOne.o ./twi.o ./uart.o   
Finished building target: Door_Locker_MC2.elf
 
Invoking: AVR Create Extended Listing
avr-objdump -h -S Door_Locker_MC2.elf  >"Door_Locker_MC2.lss"
Finished building: Door_Locker_MC2.lss
 
Invoking: Print Size
avr-size --format=avr --mcu=atmega32 Door_Locker_MC2.elf
AVR Memory Usage
----------------
Device: atmega32

Program:    8344 bytes (25.5% Full)
(.text + .data + .bootloader)

Data:         25 bytes (1.2% Full)
(.data + .bss + .noinit)


Finished building: sizedummy
 
23:16:51 **** Incremental Build of configuration Debug for project Door_Locker_MC1 ****
make all 
Invoking: Print Size
avr-size --format=avr --mcu=atmega32 Door_Locker_MC1.elf
AVR Memory Usage
----------------
Device: atmega32

Program:   18944 bytes (57.8% Full)
(.text + .data + .bootloader)

Data:        167 bytes (8.2% Full)
(.data + .bss + .noinit)


Finished building: sizedummy
 
23:16:52 **** Incremental Build of configuration Debug for project Door_Locker_MC2 ****
make all 
Invoking: Print Size
avr-size --format=avr --mcu=atmega32 Door_Locker_MC2.elf
AVR Memory Usage
----------------
Device: atmega32

Program:    8344 bytes (25.5% Full)
(.text + .data + .bootloader)

Data:         25 bytes (1.2% Full)
(.data + .bss + .noinit)


Finished building: sizedummy
 
23:16:53 **** Incremental Build of configuration Debug for project Door_Locker_MC1 ****
make all 
Invoking: Print Size
avr-size --format=avr --mcu=atmega32 Door_Locker_MC1.elf
AVR Memory Usage
----------------
Device: atmega32

Program:   18944 bytes (57.8% Full)
(.text + .data + .bootloader)

Data:        167 bytes (8.2% Full)
(.data + .bss + .noinit)


Finished building: sizedummy
 
23:16:53 **** Incremental Build of configuration Debug for project Door_Locker_MC2 ****
make all 
Invoking: Print Size
avr-size --format=avr --mcu=atmega32 Door_Locker_MC2.elf
AVR Memory Usage
----------------
Device: atmega32

Program:    8344 bytes (25.5% Full)
(.text + .data + .bootloader)

Data:         25 bytes (1.2% Full)
(.data + .bss + .noinit)


Finished building: sizedummy
 
23:20:41 **** Incremental Build of configuration Debug for project Door_Locker_MC1 ****
make all 
Building file: ../App.c
Invoking: AVR Compiler
avr-gcc -Wall -g2 -gstabs -O0 -fpack-struct -fshort-enums -ffunction-sections -fdata-sections -std=gnu99 -funsigned-char -funsigned-bitfields -mmcu=atmega32 -DF_CPU=8000000UL -MMD -MP -MF"App.d" -MT"App.o" -c -o "App.o" "../App.c"
In file included from ../App.c:12:
c:/winavr-20100110/lib/gcc/../../avr/include/util/delay.h:90:3: warning: #warning "Compiler optimizations disabled; functions from <util/delay.h> won't work as designed"
Finished building: ../App.c
 
Building target: Door_Locker_MC1.elf
Invoking: AVR C Linker
avr-gcc -Wl,-Map,Door_Locker_MC1.map -mmcu=atmega32 -o "Door_Locker_MC1.elf"  ./App.o ./gpio.o ./keypad.o ./lcd.o ./timerOne.o ./uart.o   
Finished building target: Door_Locker_MC1.elf
 
Invoking: AVR Create Extended Listing
avr-objdump -h -S Door_Locker_MC1.elf  >"Door_Locker_MC1.lss"
Finished building: Door_Locker_MC1.lss
 
Invoking: Print Size
avr-size --format=avr --mcu=atmega32 Door_Locker_MC1.elf
AVR Memory Usage
----------------
Device: atmega32

Program:   19716 bytes (60.2% Full)
(.text + .data + .bootloader)

Data:        167 bytes (8.2% Full)
(.data + .bss + .noinit)


Finished building: sizedummy
 
23:20:42 **** Incremental Build of configuration Debug for project Door_Locker_MC2 ****
make all 
Invoking: Print Size
avr-size --format=avr --mcu=atmega32 Door_Locker_MC2.elf
AVR Memory Usage
----------------
Device: atmega32

Program:    8344 bytes (25.5% Full)
(.text + .data + .bootloader)

Data:         25 bytes (1.2% Full)
(.data + .bss + .noinit)


Finished building: sizedummy
 
23:20:43 **** Incremental Build of configuration Debug for project Door_Locker_MC1 ****
make all 
Invoking: Print Size
avr-size --format=avr --mcu=atmega32 Door_Locker_MC1.elf
AVR Memory Usage
----------------
Device: atmega32

Program:   19716 bytes (60.2% Full)
(.text + .data + .bootloader)

Data:        167 bytes (8.2% Full)
(.data + .bss + .noinit)


Finished building: sizedummy
 
23:20:43 **** Incremental Build of configuration Debug for project Door_Locker_MC2 ****
make all 
Invoking: Print Size
avr-size --format=avr --mcu=atmega32 Door_Locker_MC2.elf
AVR Memory Usage
----------------
Device: atmega32

Program:    8344 bytes (25.5% Full)
(.text + .data + .bootloader)

Data:         25 bytes (1.2% Full)
(.data + .bss + .noinit)


Finished building: sizedummy
 
23:26:00 **** Incremental Build of configuration Debug for project Door_Locker_MC1 ****
make all 
Building file: ../App.c
Invoking: AVR Compiler
avr-gcc -Wall -g2 -gstabs -O0 -fpack-struct -fshort-enums -ffunction-sections -fdata-sections -std=gnu99 -funsigned-char -funsigned-bitfields -mmcu=atmega32 -DF_CPU=8000000UL -MMD -MP -MF"App.d" -MT"App.o" -c -o "App.o" "../App.c"
In file included from ../App.c:12:
c:/winavr-20100110/lib/gcc/../../avr/include/util/delay.h:90:3: warning: #warning "Compiler optimizations disabled; functions from <util/delay.h> won't work as designed"
Finished building: ../App.c
 
Building target: Door_Locker_MC1.elf
Invoking: AVR C Linker
avr-gcc -Wl,-Map,Door_Locker_MC1.map -mmcu=atmega32 -o "Door_Locker_MC1.elf"  ./App.o ./gpio.o ./keypad.o ./lcd.o ./timerOne.o ./uart.o   
Finished building target: Door_Locker_MC1.elf
 
Invoking: AVR Create Extended Listing
avr-objdump -h -S Door_Locker_MC1.elf  >"Door_Locker_MC1.lss"
Finished building: Door_Locker_MC1.lss
 
Invoking: Print Size
avr-size --format=avr --mcu=atmega32 Door_Locker_MC1.elf
AVR Memory Usage
----------------
Device: atmega32

Program:   19712 bytes (60.2% Full)
(.text + .data + .bootloader)

Data:        167 bytes (8.2% Full)
(.data + .bss + .noinit)


Finished building: sizedummy
 
23:26:00 **** Incremental Build of configuration Debug for project Door_Locker_MC2 ****
make all 
Invoking: Print Size
avr-size --format=avr --mcu=atmega32 Door_Locker_MC2.elf
AVR Memory Usage
----------------
Device: atmega32

Program:    8344 bytes (25.5% Full)
(.text + .data + .bootloader)

Data:         25 bytes (1.2% Full)
(.data + .bss + .noinit)


Finished building: sizedummy
 
23:29:00 **** Incremental Build of configuration Debug for project Door_Locker_MC1 ****
make all 
Building file: ../App.c
Invoking: AVR Compiler
avr-gcc -Wall -g2 -gstabs -O0 -fpack-struct -fshort-enums -ffunction-sections -fdata-sections -std=gnu99 -funsigned-char -funsigned-bitfields -mmcu=atmega32 -DF_CPU=8000000UL -MMD -MP -MF"App.d" -MT"App.o" -c -o "App.o" "../App.c"
In file included from ../App.c:12:
c:/winavr-20100110/lib/gcc/../../avr/include/util/delay.h:90:3: warning: #warning "Compiler optimizations disabled; functions from <util/delay.h> won't work as designed"
Finished building: ../App.c
 
Building target: Door_Locker_MC1.elf
Invoking: AVR C Linker
avr-gcc -Wl,-Map,Door_Locker_MC1.map -mmcu=atmega32 -o "Door_Locker_MC1.elf"  ./App.o ./gpio.o ./keypad.o ./lcd.o ./timerOne.o ./uart.o   
Finished building target: Door_Locker_MC1.elf
 
Invoking: AVR Create Extended Listing
avr-objdump -h -S Door_Locker_MC1.elf  >"Door_Locker_MC1.lss"
Finished building: Door_Locker_MC1.lss
 
Invoking: Print Size
avr-size --format=avr --mcu=atmega32 Door_Locker_MC1.elf
AVR Memory Usage
----------------
Device: atmega32

Program:   19716 bytes (60.2% Full)
(.text + .data + .bootloader)

Data:        171 bytes (8.3% Full)
(.data + .bss + .noinit)


Finished building: sizedummy
 
23:29:01 **** Incremental Build of configuration Debug for project Door_Locker_MC2 ****
make all 
Invoking: Print Size
avr-size --format=avr --mcu=atmega32 Door_Locker_MC2.elf
AVR Memory Usage
----------------
Device: atmega32

Program:    8344 bytes (25.5% Full)
(.text + .data + .bootloader)

Data:         25 bytes (1.2% Full)
(.data + .bss + .noinit)


Finished building: sizedummy
 
23:30:32 **** Incremental Build of configuration Debug for project Door_Locker_MC1 ****
make all 
Building file: ../timerOne.c
Invoking: AVR Compiler
avr-gcc -Wall -g2 -gstabs -O0 -fpack-struct -fshort-enums -ffunction-sections -fdata-sections -std=gnu99 -funsigned-char -funsigned-bitfields -mmcu=atmega32 -DF_CPU=8000000UL -MMD -MP -MF"timerOne.d" -MT"timerOne.o" -c -o "timerOne.o" "../timerOne.c"
Finished building: ../timerOne.c
 
Building target: Door_Locker_MC1.elf
Invoking: AVR C Linker
avr-gcc -Wl,-Map,Door_Locker_MC1.map -mmcu=atmega32 -o "Door_Locker_MC1.elf"  ./App.o ./gpio.o ./keypad.o ./lcd.o ./timerOne.o ./uart.o   
Finished building target: Door_Locker_MC1.elf
 
Invoking: AVR Create Extended Listing
avr-objdump -h -S Door_Locker_MC1.elf  >"Door_Locker_MC1.lss"
Finished building: Door_Locker_MC1.lss
 
Invoking: Print Size
avr-size --format=avr --mcu=atmega32 Door_Locker_MC1.elf
AVR Memory Usage
----------------
Device: atmega32

Program:   19708 bytes (60.1% Full)
(.text + .data + .bootloader)

Data:        171 bytes (8.3% Full)
(.data + .bss + .noinit)


Finished building: sizedummy
 
23:30:32 **** Incremental Build of configuration Debug for project Door_Locker_MC2 ****
make all 
Building file: ../timerOne.c
Invoking: AVR Compiler
avr-gcc -Wall -g2 -gstabs -O0 -fpack-struct -fshort-enums -ffunction-sections -fdata-sections -std=gnu99 -funsigned-char -funsigned-bitfields -mmcu=atmega32 -DF_CPU=8000000UL -MMD -MP -MF"timerOne.d" -MT"timerOne.o" -c -o "timerOne.o" "../timerOne.c"
Finished building: ../timerOne.c
 
Building target: Door_Locker_MC2.elf
Invoking: AVR C Linker
avr-gcc -Wl,-Map,Door_Locker_MC2.map -mmcu=atmega32 -o "Door_Locker_MC2.elf"  ./App.o ./buzzer.o ./dc_motor.o ./external_eeprom.o ./gpio.o ./pwm.o ./timerOne.o ./twi.o ./uart.o   
Finished building target: Door_Locker_MC2.elf
 
Invoking: AVR Create Extended Listing
avr-objdump -h -S Door_Locker_MC2.elf  >"Door_Locker_MC2.lss"
Finished building: Door_Locker_MC2.lss
 
Invoking: Print Size
avr-size --format=avr --mcu=atmega32 Door_Locker_MC2.elf
AVR Memory Usage
----------------
Device: atmega32

Program:    8336 bytes (25.4% Full)
(.text + .data + .bootloader)

Data:         25 bytes (1.2% Full)
(.data + .bss + .noinit)


Finished building: sizedummy
 
23:30:34 **** Incremental Build of configuration Debug for project Door_Locker_MC1 ****
make all 
Invoking: Print Size
avr-size --format=avr --mcu=atmega32 Door_Locker_MC1.elf
AVR Memory Usage
----------------
Device: atmega32

Program:   19708 bytes (60.1% Full)
(.text + .data + .bootloader)

Data:        171 bytes (8.3% Full)
(.data + .bss + .noinit)


Finished building: sizedummy
 
23:30:34 **** Incremental Build of configuration Debug for project Door_Locker_MC2 ****
make all 
Invoking: Print Size
avr-size --format=avr --mcu=atmega32 Door_Locker_MC2.elf
AVR Memory Usage
----------------
Device: atmega32

Program:    8336 bytes (25.4% Full)
(.text + .data + .bootloader)

Data:         25 bytes (1.2% Full)
(.data + .bss + .noinit)


Finished building: sizedummy
 
23:34:04 **** Incremental Build of configuration Debug for project Door_Locker_MC1 ****
make all 
Building file: ../App.c
Invoking: AVR Compiler
avr-gcc -Wall -g2 -gstabs -O0 -fpack-struct -fshort-enums -ffunction-sections -fdata-sections -std=gnu99 -funsigned-char -funsigned-bitfields -mmcu=atmega32 -DF_CPU=8000000UL -MMD -MP -MF"App.d" -MT"App.o" -c -o "App.o" "../App.c"
In file included from ../App.c:12:
c:/winavr-20100110/lib/gcc/../../avr/include/util/delay.h:90:3: warning: #warning "Compiler optimizations disabled; functions from <util/delay.h> won't work as designed"
Finished building: ../App.c
 
Building target: Door_Locker_MC1.elf
Invoking: AVR C Linker
avr-gcc -Wl,-Map,Door_Locker_MC1.map -mmcu=atmega32 -o "Door_Locker_MC1.elf"  ./App.o ./gpio.o ./keypad.o ./lcd.o ./timerOne.o ./uart.o   
Finished building target: Door_Locker_MC1.elf
 
Invoking: AVR Create Extended Listing
avr-objdump -h -S Door_Locker_MC1.elf  >"Door_Locker_MC1.lss"
Finished building: Door_Locker_MC1.lss
 
Invoking: Print Size
avr-size --format=avr --mcu=atmega32 Door_Locker_MC1.elf
AVR Memory Usage
----------------
Device: atmega32

Program:   19708 bytes (60.1% Full)
(.text + .data + .bootloader)

Data:        171 bytes (8.3% Full)
(.data + .bss + .noinit)


Finished building: sizedummy
 
23:34:04 **** Incremental Build of configuration Debug for project Door_Locker_MC2 ****
make all 
Invoking: Print Size
avr-size --format=avr --mcu=atmega32 Door_Locker_MC2.elf
AVR Memory Usage
----------------
Device: atmega32

Program:    8336 bytes (25.4% Full)
(.text + .data + .bootloader)

Data:         25 bytes (1.2% Full)
(.data + .bss + .noinit)


Finished building: sizedummy
 
23:40:53 **** Incremental Build of configuration Debug for project Door_Locker_MC1 ****
make all 
Building file: ../App.c
Invoking: AVR Compiler
avr-gcc -Wall -g2 -gstabs -O0 -fpack-struct -fshort-enums -ffunction-sections -fdata-sections -std=gnu99 -funsigned-char -funsigned-bitfields -mmcu=atmega32 -DF_CPU=8000000UL -MMD -MP -MF"App.d" -MT"App.o" -c -o "App.o" "../App.c"
In file included from ../App.c:12:
c:/winavr-20100110/lib/gcc/../../avr/include/util/delay.h:90:3: warning: #warning "Compiler optimizations disabled; functions from <util/delay.h> won't work as designed"
Finished building: ../App.c
 
Building target: Door_Locker_MC1.elf
Invoking: AVR C Linker
avr-gcc -Wl,-Map,Door_Locker_MC1.map -mmcu=atmega32 -o "Door_Locker_MC1.elf"  ./App.o ./gpio.o ./keypad.o ./lcd.o ./timerOne.o ./uart.o   
Finished building target: Door_Locker_MC1.elf
 
Invoking: AVR Create Extended Listing
avr-objdump -h -S Door_Locker_MC1.elf  >"Door_Locker_MC1.lss"
Finished building: Door_Locker_MC1.lss
 
Invoking: Print Size
avr-size --format=avr --mcu=atmega32 Door_Locker_MC1.elf
AVR Memory Usage
----------------
Device: atmega32

Program:   19708 bytes (60.1% Full)
(.text + .data + .bootloader)

Data:        171 bytes (8.3% Full)
(.data + .bss + .noinit)


Finished building: sizedummy
 
23:40:54 **** Incremental Build of configuration Debug for project Door_Locker_MC2 ****
make all 
Invoking: Print Size
avr-size --format=avr --mcu=atmega32 Door_Locker_MC2.elf
AVR Memory Usage
----------------
Device: atmega32

Program:    8336 bytes (25.4% Full)
(.text + .data + .bootloader)

Data:         25 bytes (1.2% Full)
(.data + .bss + .noinit)


Finished building: sizedummy
 
23:54:50 **** Incremental Build of configuration Debug for project Door_Locker_MC1 ****
make all 
Building file: ../App.c
Invoking: AVR Compiler
avr-gcc -Wall -g2 -gstabs -O0 -fpack-struct -fshort-enums -ffunction-sections -fdata-sections -std=gnu99 -funsigned-char -funsigned-bitfields -mmcu=atmega32 -DF_CPU=8000000UL -MMD -MP -MF"App.d" -MT"App.o" -c -o "App.o" "../App.c"
In file included from ../App.c:12:
c:/winavr-20100110/lib/gcc/../../avr/include/util/delay.h:90:3: warning: #warning "Compiler optimizations disabled; functions from <util/delay.h> won't work as designed"
Finished building: ../App.c
 
Building target: Door_Locker_MC1.elf
Invoking: AVR C Linker
avr-gcc -Wl,-Map,Door_Locker_MC1.map -mmcu=atmega32 -o "Door_Locker_MC1.elf"  ./App.o ./gpio.o ./keypad.o ./lcd.o ./timerOne.o ./uart.o   
Finished building target: Door_Locker_MC1.elf
 
Invoking: AVR Create Extended Listing
avr-objdump -h -S Door_Locker_MC1.elf  >"Door_Locker_MC1.lss"
Finished building: Door_Locker_MC1.lss
 
Invoking: Print Size
avr-size --format=avr --mcu=atmega32 Door_Locker_MC1.elf
AVR Memory Usage
----------------
Device: atmega32

Program:   19708 bytes (60.1% Full)
(.text + .data + .bootloader)

Data:        171 bytes (8.3% Full)
(.data + .bss + .noinit)


Finished building: sizedummy
 
23:54:52 **** Incremental Build of configuration Debug for project Door_Locker_MC2 ****
make all 
Building file: ../App.c
Invoking: AVR Compiler
avr-gcc -Wall -g2 -gstabs -O0 -fpack-struct -fshort-enums -ffunction-sections -fdata-sections -std=gnu99 -funsigned-char -funsigned-bitfields -mmcu=atmega32 -DF_CPU=8000000UL -MMD -MP -MF"App.d" -MT"App.o" -c -o "App.o" "../App.c"
In file included from ../App.c:14:
c:/winavr-20100110/lib/gcc/../../avr/include/util/delay.h:90:3: warning: #warning "Compiler optimizations disabled; functions from <util/delay.h> won't work as designed"
../App.c:21:1: warning: "ERROR" redefined
In file included from ../App.c:13:
../external_eeprom.h:22:1: warning: this is the location of the previous definition
Finished building: ../App.c
 
Building target: Door_Locker_MC2.elf
Invoking: AVR C Linker
avr-gcc -Wl,-Map,Door_Locker_MC2.map -mmcu=atmega32 -o "Door_Locker_MC2.elf"  ./App.o ./buzzer.o ./dc_motor.o ./external_eeprom.o ./gpio.o ./pwm.o ./timerOne.o ./twi.o ./uart.o   
Finished building target: Door_Locker_MC2.elf
 
Invoking: AVR Create Extended Listing
avr-objdump -h -S Door_Locker_MC2.elf  >"Door_Locker_MC2.lss"
Finished building: Door_Locker_MC2.lss
 
Invoking: Print Size
avr-size --format=avr --mcu=atmega32 Door_Locker_MC2.elf
AVR Memory Usage
----------------
Device: atmega32

Program:    8336 bytes (25.4% Full)
(.text + .data + .bootloader)

Data:         25 bytes (1.2% Full)
(.data + .bss + .noinit)


Finished building: sizedummy
 
23:54:55 **** Incremental Build of configuration Debug for project Door_Locker_MC1 ****
make all 
Invoking: Print Size
avr-size --format=avr --mcu=atmega32 Door_Locker_MC1.elf
AVR Memory Usage
----------------
Device: atmega32

Program:   19708 bytes (60.1% Full)
(.text + .data + .bootloader)

Data:        171 bytes (8.3% Full)
(.data + .bss + .noinit)


Finished building: sizedummy
 
23:54:56 **** Incremental Build of configuration Debug for project Door_Locker_MC2 ****
make all 
Invoking: Print Size
avr-size --format=avr --mcu=atmega32 Door_Locker_MC2.elf
AVR Memory Usage
----------------
Device: atmega32

Program:    8336 bytes (25.4% Full)
(.text + .data + .bootloader)

Data:         25 bytes (1.2% Full)
(.data + .bss + .noinit)


Finished building: sizedummy
 
00:10:10 **** Incremental Build of configuration Debug for project Door_Locker_MC1 ****
make all 
Building file: ../App.c
Invoking: AVR Compiler
avr-gcc -Wall -g2 -gstabs -O0 -fpack-struct -fshort-enums -ffunction-sections -fdata-sections -std=gnu99 -funsigned-char -funsigned-bitfields -mmcu=atmega32 -DF_CPU=8000000UL -MMD -MP -MF"App.d" -MT"App.o" -c -o "App.o" "../App.c"
In file included from ../App.c:12:
c:/winavr-20100110/lib/gcc/../../avr/include/util/delay.h:90:3: warning: #warning "Compiler optimizations disabled; functions from <util/delay.h> won't work as designed"
Finished building: ../App.c
 
Building target: Door_Locker_MC1.elf
Invoking: AVR C Linker
avr-gcc -Wl,-Map,Door_Locker_MC1.map -mmcu=atmega32 -o "Door_Locker_MC1.elf"  ./App.o ./gpio.o ./keypad.o ./lcd.o ./timerOne.o ./uart.o   
Finished building target: Door_Locker_MC1.elf
 
Invoking: AVR Create Extended Listing
avr-objdump -h -S Door_Locker_MC1.elf  >"Door_Locker_MC1.lss"
Finished building: Door_Locker_MC1.lss
 
Invoking: Print Size
avr-size --format=avr --mcu=atmega32 Door_Locker_MC1.elf
AVR Memory Usage
----------------
Device: atmega32

Program:   19708 bytes (60.1% Full)
(.text + .data + .bootloader)

Data:        171 bytes (8.3% Full)
(.data + .bss + .noinit)


Finished building: sizedummy
 
00:10:11 **** Incremental Build of configuration Debug for project Door_Locker_MC2 ****
make all 
Building file: ../App.c
Invoking: AVR Compiler
avr-gcc -Wall -g2 -gstabs -O0 -fpack-struct -fshort-enums -ffunction-sections -fdata-sections -std=gnu99 -funsigned-char -funsigned-bitfields -mmcu=atmega32 -DF_CPU=8000000UL -MMD -MP -MF"App.d" -MT"App.o" -c -o "App.o" "../App.c"
In file included from ../App.c:14:
c:/winavr-20100110/lib/gcc/../../avr/include/util/delay.h:90:3: warning: #warning "Compiler optimizations disabled; functions from <util/delay.h> won't work as designed"
../App.c:21:1: warning: "ERROR" redefined
In file included from ../App.c:13:
../external_eeprom.h:22:1: warning: this is the location of the previous definition
Finished building: ../App.c
 
Building target: Door_Locker_MC2.elf
Invoking: AVR C Linker
avr-gcc -Wl,-Map,Door_Locker_MC2.map -mmcu=atmega32 -o "Door_Locker_MC2.elf"  ./App.o ./buzzer.o ./dc_motor.o ./external_eeprom.o ./gpio.o ./pwm.o ./timerOne.o ./twi.o ./uart.o   
Finished building target: Door_Locker_MC2.elf
 
Invoking: AVR Create Extended Listing
avr-objdump -h -S Door_Locker_MC2.elf  >"Door_Locker_MC2.lss"
Finished building: Door_Locker_MC2.lss
 
Invoking: Print Size
avr-size --format=avr --mcu=atmega32 Door_Locker_MC2.elf
AVR Memory Usage
----------------
Device: atmega32

Program:    8336 bytes (25.4% Full)
(.text + .data + .bootloader)

Data:         25 bytes (1.2% Full)
(.data + .bss + .noinit)


Finished building: sizedummy
 
00:13:57 **** Incremental Build of configuration Debug for project Door_Locker_MC1 ****
make all 
Invoking: Print Size
avr-size --format=avr --mcu=atmega32 Door_Locker_MC1.elf
AVR Memory Usage
----------------
Device: atmega32

Program:   19708 bytes (60.1% Full)
(.text + .data + .bootloader)

Data:        171 bytes (8.3% Full)
(.data + .bss + .noinit)


Finished building: sizedummy
 
00:13:58 **** Incremental Build of configuration Debug for project Door_Locker_MC2 ****
make all 
Invoking: Print Size
avr-size --format=avr --mcu=atmega32 Door_Locker_MC2.elf
AVR Memory Usage
----------------
Device: atmega32

Program:    8336 bytes (25.4% Full)
(.text + .data + .bootloader)

Data:         25 bytes (1.2% Full)
(.data + .bss + .noinit)


Finished building: sizedummy
 
00:14:00 **** Incremental Build of configuration Debug for project Door_Locker_MC1 ****
make all 
Invoking: Print Size
avr-size --format=avr --mcu=atmega32 Door_Locker_MC1.elf
AVR Memory Usage
----------------
Device: atmega32

Program:   19708 bytes (60.1% Full)
(.text + .data + .bootloader)

Data:        171 bytes (8.3% Full)
(.data + .bss + .noinit)


Finished building: sizedummy
 
00:14:01 **** Incremental Build of configuration Debug for project Door_Locker_MC2 ****
make all 
Invoking: Print Size
avr-size --format=avr --mcu=atmega32 Door_Locker_MC2.elf
AVR Memory Usage
----------------
Device: atmega32

Program:    8336 bytes (25.4% Full)
(.text + .data + .bootloader)

Data:         25 bytes (1.2% Full)
(.data + .bss + .noinit)


Finished building: sizedummy
 
00:27:58 **** Incremental Build of configuration Debug for project Door_Locker_MC1 ****
make all 
Building file: ../App.c
Invoking: AVR Compiler
avr-gcc -Wall -g2 -gstabs -O0 -fpack-struct -fshort-enums -ffunction-sections -fdata-sections -std=gnu99 -funsigned-char -funsigned-bitfields -mmcu=atmega32 -DF_CPU=8000000UL -MMD -MP -MF"App.d" -MT"App.o" -c -o "App.o" "../App.c"
In file included from ../App.c:12:
c:/winavr-20100110/lib/gcc/../../avr/include/util/delay.h:90:3: warning: #warning "Compiler optimizations disabled; functions from <util/delay.h> won't work as designed"
Finished building: ../App.c
 
Building target: Door_Locker_MC1.elf
Invoking: AVR C Linker
avr-gcc -Wl,-Map,Door_Locker_MC1.map -mmcu=atmega32 -o "Door_Locker_MC1.elf"  ./App.o ./gpio.o ./keypad.o ./lcd.o ./timerOne.o ./uart.o   
Finished building target: Door_Locker_MC1.elf
 
Invoking: AVR Create Extended Listing
avr-objdump -h -S Door_Locker_MC1.elf  >"Door_Locker_MC1.lss"
Finished building: Door_Locker_MC1.lss
 
Invoking: Print Size
avr-size --format=avr --mcu=atmega32 Door_Locker_MC1.elf
AVR Memory Usage
----------------
Device: atmega32

Program:   19708 bytes (60.1% Full)
(.text + .data + .bootloader)

Data:        171 bytes (8.3% Full)
(.data + .bss + .noinit)


Finished building: sizedummy
 
00:27:59 **** Incremental Build of configuration Debug for project Door_Locker_MC2 ****
make all 
Building file: ../App.c
Invoking: AVR Compiler
avr-gcc -Wall -g2 -gstabs -O0 -fpack-struct -fshort-enums -ffunction-sections -fdata-sections -std=gnu99 -funsigned-char -funsigned-bitfields -mmcu=atmega32 -DF_CPU=8000000UL -MMD -MP -MF"App.d" -MT"App.o" -c -o "App.o" "../App.c"
In file included from ../App.c:14:
c:/winavr-20100110/lib/gcc/../../avr/include/util/delay.h:90:3: warning: #warning "Compiler optimizations disabled; functions from <util/delay.h> won't work as designed"
../App.c:21:1: warning: "ERROR" redefined
In file included from ../App.c:13:
../external_eeprom.h:22:1: warning: this is the location of the previous definition
Finished building: ../App.c
 
Building file: ../buzzer.c
Invoking: AVR Compiler
avr-gcc -Wall -g2 -gstabs -O0 -fpack-struct -fshort-enums -ffunction-sections -fdata-sections -std=gnu99 -funsigned-char -funsigned-bitfields -mmcu=atmega32 -DF_CPU=8000000UL -MMD -MP -MF"buzzer.d" -MT"buzzer.o" -c -o "buzzer.o" "../buzzer.c"
Finished building: ../buzzer.c
 
Building file: ../dc_motor.c
Invoking: AVR Compiler
avr-gcc -Wall -g2 -gstabs -O0 -fpack-struct -fshort-enums -ffunction-sections -fdata-sections -std=gnu99 -funsigned-char -funsigned-bitfields -mmcu=atmega32 -DF_CPU=8000000UL -MMD -MP -MF"dc_motor.d" -MT"dc_motor.o" -c -o "dc_motor.o" "../dc_motor.c"
Finished building: ../dc_motor.c
 
Building file: ../external_eeprom.c
Invoking: AVR Compiler
avr-gcc -Wall -g2 -gstabs -O0 -fpack-struct -fshort-enums -ffunction-sections -fdata-sections -std=gnu99 -funsigned-char -funsigned-bitfields -mmcu=atmega32 -DF_CPU=8000000UL -MMD -MP -MF"external_eeprom.d" -MT"external_eeprom.o" -c -o "external_eeprom.o" "../external_eeprom.c"
Finished building: ../external_eeprom.c
 
Building file: ../gpio.c
Invoking: AVR Compiler
avr-gcc -Wall -g2 -gstabs -O0 -fpack-struct -fshort-enums -ffunction-sections -fdata-sections -std=gnu99 -funsigned-char -funsigned-bitfields -mmcu=atmega32 -DF_CPU=8000000UL -MMD -MP -MF"gpio.d" -MT"gpio.o" -c -o "gpio.o" "../gpio.c"
Finished building: ../gpio.c
 
Building file: ../pwm.c
Invoking: AVR Compiler
avr-gcc -Wall -g2 -gstabs -O0 -fpack-struct -fshort-enums -ffunction-sections -fdata-sections -std=gnu99 -funsigned-char -funsigned-bitfields -mmcu=atmega32 -DF_CPU=8000000UL -MMD -MP -MF"pwm.d" -MT"pwm.o" -c -o "pwm.o" "../pwm.c"
Finished building: ../pwm.c
 
Building file: ../timerOne.c
Invoking: AVR Compiler
avr-gcc -Wall -g2 -gstabs -O0 -fpack-struct -fshort-enums -ffunction-sections -fdata-sections -std=gnu99 -funsigned-char -funsigned-bitfields -mmcu=atmega32 -DF_CPU=8000000UL -MMD -MP -MF"timerOne.d" -MT"timerOne.o" -c -o "timerOne.o" "../timerOne.c"
Finished building: ../timerOne.c
 
Building file: ../twi.c
Invoking: AVR Compiler
avr-gcc -Wall -g2 -gstabs -O0 -fpack-struct -fshort-enums -ffunction-sections -fdata-sections -std=gnu99 -funsigned-char -funsigned-bitfields -mmcu=atmega32 -DF_CPU=8000000UL -MMD -MP -MF"twi.d" -MT"twi.o" -c -o "twi.o" "../twi.c"
Finished building: ../twi.c
 
Building file: ../uart.c
Invoking: AVR Compiler
avr-gcc -Wall -g2 -gstabs -O0 -fpack-struct -fshort-enums -ffunction-sections -fdata-sections -std=gnu99 -funsigned-char -funsigned-bitfields -mmcu=atmega32 -DF_CPU=8000000UL -MMD -MP -MF"uart.d" -MT"uart.o" -c -o "uart.o" "../uart.c"
Finished building: ../uart.c
 
Building target: Door_Locker_MC2.elf
Invoking: AVR C Linker
avr-gcc -Wl,-Map,Door_Locker_MC2.map -mmcu=atmega32 -o "Door_Locker_MC2.elf"  ./App.o ./buzzer.o ./dc_motor.o ./external_eeprom.o ./gpio.o ./pwm.o ./timerOne.o ./twi.o ./uart.o   
Finished building target: Door_Locker_MC2.elf
 
Invoking: AVR Create Extended Listing
avr-objdump -h -S Door_Locker_MC2.elf  >"Door_Locker_MC2.lss"
Finished building: Door_Locker_MC2.lss
 
Invoking: Print Size
avr-size --format=avr --mcu=atmega32 Door_Locker_MC2.elf
AVR Memory Usage
----------------
Device: atmega32

Program:    8336 bytes (25.4% Full)
(.text + .data + .bootloader)

Data:         25 bytes (1.2% Full)
(.data + .bss + .noinit)


Finished building: sizedummy
 
00:28:02 **** Incremental Build of configuration Debug for project Door_Locker_MC1 ****
make all 
Invoking: Print Size
avr-size --format=avr --mcu=atmega32 Door_Locker_MC1.elf
AVR Memory Usage
----------------
Device: atmega32

Program:   19708 bytes (60.1% Full)
(.text + .data + .bootloader)

Data:        171 bytes (8.3% Full)
(.data + .bss + .noinit)


Finished building: sizedummy
 
00:28:02 **** Incremental Build of configuration Debug for project Door_Locker_MC2 ****
make all 
Invoking: Print Size
avr-size --format=avr --mcu=atmega32 Door_Locker_MC2.elf
AVR Memory Usage
----------------
Device: atmega32

Program:    8336 bytes (25.4% Full)
(.text + .data + .bootloader)

Data:         25 bytes (1.2% Full)
(.data + .bss + .noinit)


Finished building: sizedummy
 
00:28:04 **** Incremental Build of configuration Debug for project Door_Locker_MC1 ****
make all 
Invoking: Print Size
avr-size --format=avr --mcu=atmega32 Door_Locker_MC1.elf
AVR Memory Usage
----------------
Device: atmega32

Program:   19708 bytes (60.1% Full)
(.text + .data + .bootloader)

Data:        171 bytes (8.3% Full)
(.data + .bss + .noinit)


Finished building: sizedummy
 
00:28:04 **** Incremental Build of configuration Debug for project Door_Locker_MC2 ****
make all 
Invoking: Print Size
avr-size --format=avr --mcu=atmega32 Door_Locker_MC2.elf
AVR Memory Usage
----------------
Device: atmega32

Program:    8336 bytes (25.4% Full)
(.text + .data + .bootloader)

Data:         25 bytes (1.2% Full)
(.data + .bss + .noinit)


Finished building: sizedummy
 
00:32:06 **** Incremental Build of configuration Debug for project Door_Locker_MC1 ****
make all 
Building file: ../App.c
Invoking: AVR Compiler
avr-gcc -Wall -g2 -gstabs -O0 -fpack-struct -fshort-enums -ffunction-sections -fdata-sections -std=gnu99 -funsigned-char -funsigned-bitfields -mmcu=atmega32 -DF_CPU=8000000UL -MMD -MP -MF"App.d" -MT"App.o" -c -o "App.o" "../App.c"
In file included from ../App.c:12:
c:/winavr-20100110/lib/gcc/../../avr/include/util/delay.h:90:3: warning: #warning "Compiler optimizations disabled; functions from <util/delay.h> won't work as designed"
Finished building: ../App.c
 
Building target: Door_Locker_MC1.elf
Invoking: AVR C Linker
avr-gcc -Wl,-Map,Door_Locker_MC1.map -mmcu=atmega32 -o "Door_Locker_MC1.elf"  ./App.o ./gpio.o ./keypad.o ./lcd.o ./timerOne.o ./uart.o   
Finished building target: Door_Locker_MC1.elf
 
Invoking: AVR Create Extended Listing
avr-objdump -h -S Door_Locker_MC1.elf  >"Door_Locker_MC1.lss"
Finished building: Door_Locker_MC1.lss
 
Invoking: Print Size
avr-size --format=avr --mcu=atmega32 Door_Locker_MC1.elf
AVR Memory Usage
----------------
Device: atmega32

Program:   19708 bytes (60.1% Full)
(.text + .data + .bootloader)

Data:        171 bytes (8.3% Full)
(.data + .bss + .noinit)


Finished building: sizedummy
 
00:32:07 **** Incremental Build of configuration Debug for project Door_Locker_MC2 ****
make all 
Invoking: Print Size
avr-size --format=avr --mcu=atmega32 Door_Locker_MC2.elf
AVR Memory Usage
----------------
Device: atmega32

Program:    8336 bytes (25.4% Full)
(.text + .data + .bootloader)

Data:         25 bytes (1.2% Full)
(.data + .bss + .noinit)


Finished building: sizedummy
 
00:32:08 **** Incremental Build of configuration Debug for project Door_Locker_MC1 ****
make all 
Invoking: Print Size
avr-size --format=avr --mcu=atmega32 Door_Locker_MC1.elf
AVR Memory Usage
----------------
Device: atmega32

Program:   19708 bytes (60.1% Full)
(.text + .data + .bootloader)

Data:        171 bytes (8.3% Full)
(.data + .bss + .noinit)


Finished building: sizedummy
 
00:32:08 **** Incremental Build of configuration Debug for project Door_Locker_MC2 ****
make all 
Invoking: Print Size
avr-size --format=avr --mcu=atmega32 Door_Locker_MC2.elf
AVR Memory Usage
----------------
Device: atmega32

Program:    8336 bytes (25.4% Full)
(.text + .data + .bootloader)

Data:         25 bytes (1.2% Full)
(.data + .bss + .noinit)


Finished building: sizedummy
 
00:33:18 **** Incremental Build of configuration Debug for project Door_Locker_MC1 ****
make all 
Building file: ../App.c
Invoking: AVR Compiler
avr-gcc -Wall -g2 -gstabs -O0 -fpack-struct -fshort-enums -ffunction-sections -fdata-sections -std=gnu99 -funsigned-char -funsigned-bitfields -mmcu=atmega32 -DF_CPU=8000000UL -MMD -MP -MF"App.d" -MT"App.o" -c -o "App.o" "../App.c"
In file included from ../App.c:12:
c:/winavr-20100110/lib/gcc/../../avr/include/util/delay.h:90:3: warning: #warning "Compiler optimizations disabled; functions from <util/delay.h> won't work as designed"
Finished building: ../App.c
 
Building target: Door_Locker_MC1.elf
Invoking: AVR C Linker
avr-gcc -Wl,-Map,Door_Locker_MC1.map -mmcu=atmega32 -o "Door_Locker_MC1.elf"  ./App.o ./gpio.o ./keypad.o ./lcd.o ./timerOne.o ./uart.o   
Finished building target: Door_Locker_MC1.elf
 
Invoking: AVR Create Extended Listing
avr-objdump -h -S Door_Locker_MC1.elf  >"Door_Locker_MC1.lss"
Finished building: Door_Locker_MC1.lss
 
Invoking: Print Size
avr-size --format=avr --mcu=atmega32 Door_Locker_MC1.elf
AVR Memory Usage
----------------
Device: atmega32

Program:   19708 bytes (60.1% Full)
(.text + .data + .bootloader)

Data:        171 bytes (8.3% Full)
(.data + .bss + .noinit)


Finished building: sizedummy
 
00:33:19 **** Incremental Build of configuration Debug for project Door_Locker_MC2 ****
make all 
Invoking: Print Size
avr-size --format=avr --mcu=atmega32 Door_Locker_MC2.elf
AVR Memory Usage
----------------
Device: atmega32

Program:    8336 bytes (25.4% Full)
(.text + .data + .bootloader)

Data:         25 bytes (1.2% Full)
(.data + .bss + .noinit)


Finished building: sizedummy
 
00:33:20 **** Incremental Build of configuration Debug for project Door_Locker_MC1 ****
make all 
Invoking: Print Size
avr-size --format=avr --mcu=atmega32 Door_Locker_MC1.elf
AVR Memory Usage
----------------
Device: atmega32

Program:   19708 bytes (60.1% Full)
(.text + .data + .bootloader)

Data:        171 bytes (8.3% Full)
(.data + .bss + .noinit)


Finished building: sizedummy
 
00:33:20 **** Incremental Build of configuration Debug for project Door_Locker_MC2 ****
make all 
Invoking: Print Size
avr-size --format=avr --mcu=atmega32 Door_Locker_MC2.elf
AVR Memory Usage
----------------
Device: atmega32

Program:    8336 bytes (25.4% Full)
(.text + .data + .bootloader)

Data:         25 bytes (1.2% Full)
(.data + .bss + .noinit)


Finished building: sizedummy
 
00:41:39 **** Incremental Build of configuration Debug for project Door_Locker_MC1 ****
make all 
Building file: ../App.c
Invoking: AVR Compiler
avr-gcc -Wall -g2 -gstabs -O0 -fpack-struct -fshort-enums -ffunction-sections -fdata-sections -std=gnu99 -funsigned-char -funsigned-bitfields -mmcu=atmega32 -DF_CPU=8000000UL -MMD -MP -MF"App.d" -MT"App.o" -c -o "App.o" "../App.c"
In file included from ../App.c:12:
c:/winavr-20100110/lib/gcc/../../avr/include/util/delay.h:90:3: warning: #warning "Compiler optimizations disabled; functions from <util/delay.h> won't work as designed"
Finished building: ../App.c
 
Building file: ../timerOne.c
Invoking: AVR Compiler
avr-gcc -Wall -g2 -gstabs -O0 -fpack-struct -fshort-enums -ffunction-sections -fdata-sections -std=gnu99 -funsigned-char -funsigned-bitfields -mmcu=atmega32 -DF_CPU=8000000UL -MMD -MP -MF"timerOne.d" -MT"timerOne.o" -c -o "timerOne.o" "../timerOne.c"
Finished building: ../timerOne.c
 
Building target: Door_Locker_MC1.elf
Invoking: AVR C Linker
avr-gcc -Wl,-Map,Door_Locker_MC1.map -mmcu=atmega32 -o "Door_Locker_MC1.elf"  ./App.o ./gpio.o ./keypad.o ./lcd.o ./timerOne.o ./uart.o   
Finished building target: Door_Locker_MC1.elf
 
Invoking: AVR Create Extended Listing
avr-objdump -h -S Door_Locker_MC1.elf  >"Door_Locker_MC1.lss"
Finished building: Door_Locker_MC1.lss
 
Invoking: Print Size
avr-size --format=avr --mcu=atmega32 Door_Locker_MC1.elf
AVR Memory Usage
----------------
Device: atmega32

Program:   19708 bytes (60.1% Full)
(.text + .data + .bootloader)

Data:        171 bytes (8.3% Full)
(.data + .bss + .noinit)


Finished building: sizedummy
 
00:41:40 **** Incremental Build of configuration Debug for project Door_Locker_MC2 ****
make all 
Building file: ../App.c
Invoking: AVR Compiler
avr-gcc -Wall -g2 -gstabs -O0 -fpack-struct -fshort-enums -ffunction-sections -fdata-sections -std=gnu99 -funsigned-char -funsigned-bitfields -mmcu=atmega32 -DF_CPU=8000000UL -MMD -MP -MF"App.d" -MT"App.o" -c -o "App.o" "../App.c"
In file included from ../App.c:14:
c:/winavr-20100110/lib/gcc/../../avr/include/util/delay.h:90:3: warning: #warning "Compiler optimizations disabled; functions from <util/delay.h> won't work as designed"
../App.c:21:1: warning: "ERROR" redefined
In file included from ../App.c:13:
../external_eeprom.h:22:1: warning: this is the location of the previous definition
Finished building: ../App.c
 
Building file: ../timerOne.c
Invoking: AVR Compiler
avr-gcc -Wall -g2 -gstabs -O0 -fpack-struct -fshort-enums -ffunction-sections -fdata-sections -std=gnu99 -funsigned-char -funsigned-bitfields -mmcu=atmega32 -DF_CPU=8000000UL -MMD -MP -MF"timerOne.d" -MT"timerOne.o" -c -o "timerOne.o" "../timerOne.c"
Finished building: ../timerOne.c
 
Building target: Door_Locker_MC2.elf
Invoking: AVR C Linker
avr-gcc -Wl,-Map,Door_Locker_MC2.map -mmcu=atmega32 -o "Door_Locker_MC2.elf"  ./App.o ./buzzer.o ./dc_motor.o ./external_eeprom.o ./gpio.o ./pwm.o ./timerOne.o ./twi.o ./uart.o   
Finished building target: Door_Locker_MC2.elf
 
Invoking: AVR Create Extended Listing
avr-objdump -h -S Door_Locker_MC2.elf  >"Door_Locker_MC2.lss"
Finished building: Door_Locker_MC2.lss
 
Invoking: Print Size
avr-size --format=avr --mcu=atmega32 Door_Locker_MC2.elf
AVR Memory Usage
----------------
Device: atmega32

Program:    8336 bytes (25.4% Full)
(.text + .data + .bootloader)

Data:         25 bytes (1.2% Full)
(.data + .bss + .noinit)


Finished building: sizedummy
 
00:41:42 **** Incremental Build of configuration Debug for project Door_Locker_MC1 ****
make all 
Invoking: Print Size
avr-size --format=avr --mcu=atmega32 Door_Locker_MC1.elf
AVR Memory Usage
----------------
Device: atmega32

Program:   19708 bytes (60.1% Full)
(.text + .data + .bootloader)

Data:        171 bytes (8.3% Full)
(.data + .bss + .noinit)


Finished building: sizedummy
 
00:41:42 **** Incremental Build of configuration Debug for project Door_Locker_MC2 ****
make all 
Invoking: Print Size
avr-size --format=avr --mcu=atmega32 Door_Locker_MC2.elf
AVR Memory Usage
----------------
Device: atmega32

Program:    8336 bytes (25.4% Full)
(.text + .data + .bootloader)

Data:         25 bytes (1.2% Full)
(.data + .bss + .noinit)


Finished building: sizedummy
 
00:50:06 **** Incremental Build of configuration Debug for project Door_Locker_MC1 ****
make all 
Building file: ../App.c
Invoking: AVR Compiler
avr-gcc -Wall -g2 -gstabs -O0 -fpack-struct -fshort-enums -ffunction-sections -fdata-sections -std=gnu99 -funsigned-char -funsigned-bitfields -mmcu=atmega32 -DF_CPU=8000000UL -MMD -MP -MF"App.d" -MT"App.o" -c -o "App.o" "../App.c"
In file included from ../App.c:12:
c:/winavr-20100110/lib/gcc/../../avr/include/util/delay.h:90:3: warning: #warning "Compiler optimizations disabled; functions from <util/delay.h> won't work as designed"
Finished building: ../App.c
 
Building target: Door_Locker_MC1.elf
Invoking: AVR C Linker
avr-gcc -Wl,-Map,Door_Locker_MC1.map -mmcu=atmega32 -o "Door_Locker_MC1.elf"  ./App.o ./gpio.o ./keypad.o ./lcd.o ./timerOne.o ./uart.o   
Finished building target: Door_Locker_MC1.elf
 
Invoking: AVR Create Extended Listing
avr-objdump -h -S Door_Locker_MC1.elf  >"Door_Locker_MC1.lss"
Finished building: Door_Locker_MC1.lss
 
Invoking: Print Size
avr-size --format=avr --mcu=atmega32 Door_Locker_MC1.elf
AVR Memory Usage
----------------
Device: atmega32

Program:   19708 bytes (60.1% Full)
(.text + .data + .bootloader)

Data:        171 bytes (8.3% Full)
(.data + .bss + .noinit)


Finished building: sizedummy
 
00:50:07 **** Incremental Build of configuration Debug for project Door_Locker_MC2 ****
make all 
Building file: ../App.c
Invoking: AVR Compiler
avr-gcc -Wall -g2 -gstabs -O0 -fpack-struct -fshort-enums -ffunction-sections -fdata-sections -std=gnu99 -funsigned-char -funsigned-bitfields -mmcu=atmega32 -DF_CPU=8000000UL -MMD -MP -MF"App.d" -MT"App.o" -c -o "App.o" "../App.c"
In file included from ../App.c:14:
c:/winavr-20100110/lib/gcc/../../avr/include/util/delay.h:90:3: warning: #warning "Compiler optimizations disabled; functions from <util/delay.h> won't work as designed"
../App.c:21:1: warning: "ERROR" redefined
In file included from ../App.c:13:
../external_eeprom.h:22:1: warning: this is the location of the previous definition
Finished building: ../App.c
 
Building target: Door_Locker_MC2.elf
Invoking: AVR C Linker
avr-gcc -Wl,-Map,Door_Locker_MC2.map -mmcu=atmega32 -o "Door_Locker_MC2.elf"  ./App.o ./buzzer.o ./dc_motor.o ./external_eeprom.o ./gpio.o ./pwm.o ./timerOne.o ./twi.o ./uart.o   
Finished building target: Door_Locker_MC2.elf
 
Invoking: AVR Create Extended Listing
avr-objdump -h -S Door_Locker_MC2.elf  >"Door_Locker_MC2.lss"
Finished building: Door_Locker_MC2.lss
 
Invoking: Print Size
avr-size --format=avr --mcu=atmega32 Door_Locker_MC2.elf
AVR Memory Usage
----------------
Device: atmega32

Program:    8336 bytes (25.4% Full)
(.text + .data + .bootloader)

Data:         25 bytes (1.2% Full)
(.data + .bss + .noinit)


Finished building: sizedummy
 
00:50:08 **** Incremental Build of configuration Debug for project Door_Locker_MC1 ****
make all 
Invoking: Print Size
avr-size --format=avr --mcu=atmega32 Door_Locker_MC1.elf
AVR Memory Usage
----------------
Device: atmega32

Program:   19708 bytes (60.1% Full)
(.text + .data + .bootloader)

Data:        171 bytes (8.3% Full)
(.data + .bss + .noinit)


Finished building: sizedummy
 
00:50:09 **** Incremental Build of configuration Debug for project Door_Locker_MC2 ****
make all 
Invoking: Print Size
avr-size --format=avr --mcu=atmega32 Door_Locker_MC2.elf
AVR Memory Usage
----------------
Device: atmega32

Program:    8336 bytes (25.4% Full)
(.text + .data + .bootloader)

Data:         25 bytes (1.2% Full)
(.data + .bss + .noinit)


Finished building: sizedummy
 
00:55:29 **** Incremental Build of configuration Debug for project Door_Locker_MC1 ****
make all 
Building file: ../App.c
Invoking: AVR Compiler
avr-gcc -Wall -g2 -gstabs -O0 -fpack-struct -fshort-enums -ffunction-sections -fdata-sections -std=gnu99 -funsigned-char -funsigned-bitfields -mmcu=atmega32 -DF_CPU=8000000UL -MMD -MP -MF"App.d" -MT"App.o" -c -o "App.o" "../App.c"
In file included from ../App.c:12:
c:/winavr-20100110/lib/gcc/../../avr/include/util/delay.h:90:3: warning: #warning "Compiler optimizations disabled; functions from <util/delay.h> won't work as designed"
Finished building: ../App.c
 
Building file: ../timerOne.c
Invoking: AVR Compiler
avr-gcc -Wall -g2 -gstabs -O0 -fpack-struct -fshort-enums -ffunction-sections -fdata-sections -std=gnu99 -funsigned-char -funsigned-bitfields -mmcu=atmega32 -DF_CPU=8000000UL -MMD -MP -MF"timerOne.d" -MT"timerOne.o" -c -o "timerOne.o" "../timerOne.c"
Finished building: ../timerOne.c
 
Building target: Door_Locker_MC1.elf
Invoking: AVR C Linker
avr-gcc -Wl,-Map,Door_Locker_MC1.map -mmcu=atmega32 -o "Door_Locker_MC1.elf"  ./App.o ./gpio.o ./keypad.o ./lcd.o ./timerOne.o ./uart.o   
Finished building target: Door_Locker_MC1.elf
 
Invoking: AVR Create Extended Listing
avr-objdump -h -S Door_Locker_MC1.elf  >"Door_Locker_MC1.lss"
Finished building: Door_Locker_MC1.lss
 
Invoking: Print Size
avr-size --format=avr --mcu=atmega32 Door_Locker_MC1.elf
AVR Memory Usage
----------------
Device: atmega32

Program:   19722 bytes (60.2% Full)
(.text + .data + .bootloader)

Data:        171 bytes (8.3% Full)
(.data + .bss + .noinit)


Finished building: sizedummy
 
00:55:30 **** Incremental Build of configuration Debug for project Door_Locker_MC2 ****
make all 
Building file: ../App.c
Invoking: AVR Compiler
avr-gcc -Wall -g2 -gstabs -O0 -fpack-struct -fshort-enums -ffunction-sections -fdata-sections -std=gnu99 -funsigned-char -funsigned-bitfields -mmcu=atmega32 -DF_CPU=8000000UL -MMD -MP -MF"App.d" -MT"App.o" -c -o "App.o" "../App.c"
In file included from ../App.c:14:
c:/winavr-20100110/lib/gcc/../../avr/include/util/delay.h:90:3: warning: #warning "Compiler optimizations disabled; functions from <util/delay.h> won't work as designed"
../App.c:22:1: warning: "ERROR" redefined
In file included from ../App.c:13:
../external_eeprom.h:22:1: warning: this is the location of the previous definition
Finished building: ../App.c
 
Building target: Door_Locker_MC2.elf
Invoking: AVR C Linker
avr-gcc -Wl,-Map,Door_Locker_MC2.map -mmcu=atmega32 -o "Door_Locker_MC2.elf"  ./App.o ./buzzer.o ./dc_motor.o ./external_eeprom.o ./gpio.o ./pwm.o ./timerOne.o ./twi.o ./uart.o   
Finished building target: Door_Locker_MC2.elf
 
Invoking: AVR Create Extended Listing
avr-objdump -h -S Door_Locker_MC2.elf  >"Door_Locker_MC2.lss"
Finished building: Door_Locker_MC2.lss
 
Invoking: Print Size
avr-size --format=avr --mcu=atmega32 Door_Locker_MC2.elf
AVR Memory Usage
----------------
Device: atmega32

Program:    8350 bytes (25.5% Full)
(.text + .data + .bootloader)

Data:         25 bytes (1.2% Full)
(.data + .bss + .noinit)


Finished building: sizedummy
 
00:55:32 **** Incremental Build of configuration Debug for project Door_Locker_MC1 ****
make all 
Invoking: Print Size
avr-size --format=avr --mcu=atmega32 Door_Locker_MC1.elf
AVR Memory Usage
----------------
Device: atmega32

Program:   19722 bytes (60.2% Full)
(.text + .data + .bootloader)

Data:        171 bytes (8.3% Full)
(.data + .bss + .noinit)


Finished building: sizedummy
 
00:55:32 **** Incremental Build of configuration Debug for project Door_Locker_MC2 ****
make all 
Invoking: Print Size
avr-size --format=avr --mcu=atmega32 Door_Locker_MC2.elf
AVR Memory Usage
----------------
Device: atmega32

Program:    8350 bytes (25.5% Full)
(.text + .data + .bootloader)

Data:         25 bytes (1.2% Full)
(.data + .bss + .noinit)


Finished building: sizedummy
 
00:59:56 **** Incremental Build of configuration Debug for project Door_Locker_MC1 ****
make all 
Invoking: Print Size
avr-size --format=avr --mcu=atmega32 Door_Locker_MC1.elf
AVR Memory Usage
----------------
Device: atmega32

Program:   19722 bytes (60.2% Full)
(.text + .data + .bootloader)

Data:        171 bytes (8.3% Full)
(.data + .bss + .noinit)


Finished building: sizedummy
 
00:59:56 **** Incremental Build of configuration Debug for project Door_Locker_MC2 ****
make all 
Building file: ../App.c
Invoking: AVR Compiler
avr-gcc -Wall -g2 -gstabs -O0 -fpack-struct -fshort-enums -ffunction-sections -fdata-sections -std=gnu99 -funsigned-char -funsigned-bitfields -mmcu=atmega32 -DF_CPU=8000000UL -MMD -MP -MF"App.d" -MT"App.o" -c -o "App.o" "../App.c"
In file included from ../App.c:14:
c:/winavr-20100110/lib/gcc/../../avr/include/util/delay.h:90:3: warning: #warning "Compiler optimizations disabled; functions from <util/delay.h> won't work as designed"
../App.c:22:1: warning: "ERROR" redefined
In file included from ../App.c:13:
../external_eeprom.h:22:1: warning: this is the location of the previous definition
Finished building: ../App.c
 
Building target: Door_Locker_MC2.elf
Invoking: AVR C Linker
avr-gcc -Wl,-Map,Door_Locker_MC2.map -mmcu=atmega32 -o "Door_Locker_MC2.elf"  ./App.o ./buzzer.o ./dc_motor.o ./external_eeprom.o ./gpio.o ./pwm.o ./timerOne.o ./twi.o ./uart.o   
Finished building target: Door_Locker_MC2.elf
 
Invoking: AVR Create Extended Listing
avr-objdump -h -S Door_Locker_MC2.elf  >"Door_Locker_MC2.lss"
Finished building: Door_Locker_MC2.lss
 
Invoking: Print Size
avr-size --format=avr --mcu=atmega32 Door_Locker_MC2.elf
AVR Memory Usage
----------------
Device: atmega32

Program:    8358 bytes (25.5% Full)
(.text + .data + .bootloader)

Data:         25 bytes (1.2% Full)
(.data + .bss + .noinit)


Finished building: sizedummy
 
00:59:58 **** Incremental Build of configuration Debug for project Door_Locker_MC1 ****
make all 
Invoking: Print Size
avr-size --format=avr --mcu=atmega32 Door_Locker_MC1.elf
AVR Memory Usage
----------------
Device: atmega32

Program:   19722 bytes (60.2% Full)
(.text + .data + .bootloader)

Data:        171 bytes (8.3% Full)
(.data + .bss + .noinit)


Finished building: sizedummy
 
00:59:59 **** Incremental Build of configuration Debug for project Door_Locker_MC2 ****
make all 
Invoking: Print Size
avr-size --format=avr --mcu=atmega32 Door_Locker_MC2.elf
AVR Memory Usage
----------------
Device: atmega32

Program:    8358 bytes (25.5% Full)
(.text + .data + .bootloader)

Data:         25 bytes (1.2% Full)
(.data + .bss + .noinit)


Finished building: sizedummy
 
01:00:22 **** Incremental Build of configuration Debug for project Door_Locker_MC1 ****
make all 
Invoking: Print Size
avr-size --format=avr --mcu=atmega32 Door_Locker_MC1.elf
AVR Memory Usage
----------------
Device: atmega32

Program:   19722 bytes (60.2% Full)
(.text + .data + .bootloader)

Data:        171 bytes (8.3% Full)
(.data + .bss + .noinit)


Finished building: sizedummy
 
01:00:23 **** Incremental Build of configuration Debug for project Door_Locker_MC2 ****
make all 
Invoking: Print Size
avr-size --format=avr --mcu=atmega32 Door_Locker_MC2.elf
AVR Memory Usage
----------------
Device: atmega32

Program:    8358 bytes (25.5% Full)
(.text + .data + .bootloader)

Data:         25 bytes (1.2% Full)
(.data + .bss + .noinit)


Finished building: sizedummy
 
01:00:24 **** Incremental Build of configuration Debug for project Door_Locker_MC1 ****
make all 
Invoking: Print Size
avr-size --format=avr --mcu=atmega32 Door_Locker_MC1.elf
AVR Memory Usage
----------------
Device: atmega32

Program:   19722 bytes (60.2% Full)
(.text + .data + .bootloader)

Data:        171 bytes (8.3% Full)
(.data + .bss + .noinit)


Finished building: sizedummy
 
01:00:24 **** Incremental Build of configuration Debug for project Door_Locker_MC2 ****
make all 
Invoking: Print Size
avr-size --format=avr --mcu=atmega32 Door_Locker_MC2.elf
AVR Memory Usage
----------------
Device: atmega32

Program:    8358 bytes (25.5% Full)
(.text + .data + .bootloader)

Data:         25 bytes (1.2% Full)
(.data + .bss + .noinit)


Finished building: sizedummy
 
01:03:10 **** Incremental Build of configuration Debug for project Door_Locker_MC1 ****
make all 
Invoking: Print Size
avr-size --format=avr --mcu=atmega32 Door_Locker_MC1.elf
AVR Memory Usage
----------------
Device: atmega32

Program:   19722 bytes (60.2% Full)
(.text + .data + .bootloader)

Data:        171 bytes (8.3% Full)
(.data + .bss + .noinit)


Finished building: sizedummy
 
01:03:10 **** Incremental Build of configuration Debug for project Door_Locker_MC2 ****
make all 
Building file: ../App.c
Invoking: AVR Compiler
avr-gcc -Wall -g2 -gstabs -O0 -fpack-struct -fshort-enums -ffunction-sections -fdata-sections -std=gnu99 -funsigned-char -funsigned-bitfields -mmcu=atmega32 -DF_CPU=8000000UL -MMD -MP -MF"App.d" -MT"App.o" -c -o "App.o" "../App.c"
In file included from ../App.c:14:
c:/winavr-20100110/lib/gcc/../../avr/include/util/delay.h:90:3: warning: #warning "Compiler optimizations disabled; functions from <util/delay.h> won't work as designed"
../App.c:22:1: warning: "ERROR" redefined
In file included from ../App.c:13:
../external_eeprom.h:22:1: warning: this is the location of the previous definition
Finished building: ../App.c
 
Building target: Door_Locker_MC2.elf
Invoking: AVR C Linker
avr-gcc -Wl,-Map,Door_Locker_MC2.map -mmcu=atmega32 -o "Door_Locker_MC2.elf"  ./App.o ./buzzer.o ./dc_motor.o ./external_eeprom.o ./gpio.o ./pwm.o ./timerOne.o ./twi.o ./uart.o   
Finished building target: Door_Locker_MC2.elf
 
Invoking: AVR Create Extended Listing
avr-objdump -h -S Door_Locker_MC2.elf  >"Door_Locker_MC2.lss"
Finished building: Door_Locker_MC2.lss
 
Invoking: Print Size
avr-size --format=avr --mcu=atmega32 Door_Locker_MC2.elf
AVR Memory Usage
----------------
Device: atmega32

Program:    8358 bytes (25.5% Full)
(.text + .data + .bootloader)

Data:         25 bytes (1.2% Full)
(.data + .bss + .noinit)


Finished building: sizedummy
 
01:03:12 **** Incremental Build of configuration Debug for project Door_Locker_MC1 ****
make all 
Invoking: Print Size
avr-size --format=avr --mcu=atmega32 Door_Locker_MC1.elf
AVR Memory Usage
----------------
Device: atmega32

Program:   19722 bytes (60.2% Full)
(.text + .data + .bootloader)

Data:        171 bytes (8.3% Full)
(.data + .bss + .noinit)


Finished building: sizedummy
 
01:03:12 **** Incremental Build of configuration Debug for project Door_Locker_MC2 ****
make all 
Invoking: Print Size
avr-size --format=avr --mcu=atmega32 Door_Locker_MC2.elf
AVR Memory Usage
----------------
Device: atmega32

Program:    8358 bytes (25.5% Full)
(.text + .data + .bootloader)

Data:         25 bytes (1.2% Full)
(.data + .bss + .noinit)


Finished building: sizedummy
 
01:10:51 **** Incremental Build of configuration Debug for project Door_Locker_MC1 ****
make all 
Building file: ../App.c
Invoking: AVR Compiler
avr-gcc -Wall -g2 -gstabs -O0 -fpack-struct -fshort-enums -ffunction-sections -fdata-sections -std=gnu99 -funsigned-char -funsigned-bitfields -mmcu=atmega32 -DF_CPU=8000000UL -MMD -MP -MF"App.d" -MT"App.o" -c -o "App.o" "../App.c"
In file included from ../App.c:12:
c:/winavr-20100110/lib/gcc/../../avr/include/util/delay.h:90:3: warning: #warning "Compiler optimizations disabled; functions from <util/delay.h> won't work as designed"
Finished building: ../App.c
 
Building target: Door_Locker_MC1.elf
Invoking: AVR C Linker
avr-gcc -Wl,-Map,Door_Locker_MC1.map -mmcu=atmega32 -o "Door_Locker_MC1.elf"  ./App.o ./gpio.o ./keypad.o ./lcd.o ./timerOne.o ./uart.o   
Finished building target: Door_Locker_MC1.elf
 
Invoking: AVR Create Extended Listing
avr-objdump -h -S Door_Locker_MC1.elf  >"Door_Locker_MC1.lss"
Finished building: Door_Locker_MC1.lss
 
Invoking: Print Size
avr-size --format=avr --mcu=atmega32 Door_Locker_MC1.elf
AVR Memory Usage
----------------
Device: atmega32

Program:   19722 bytes (60.2% Full)
(.text + .data + .bootloader)

Data:        171 bytes (8.3% Full)
(.data + .bss + .noinit)


Finished building: sizedummy
 
01:10:52 **** Incremental Build of configuration Debug for project Door_Locker_MC2 ****
make all 
Invoking: Print Size
avr-size --format=avr --mcu=atmega32 Door_Locker_MC2.elf
AVR Memory Usage
----------------
Device: atmega32

Program:    8358 bytes (25.5% Full)
(.text + .data + .bootloader)

Data:         25 bytes (1.2% Full)
(.data + .bss + .noinit)


Finished building: sizedummy
 
01:32:19 **** Incremental Build of configuration Debug for project Door_Locker_MC1 ****
make all 
Invoking: Print Size
avr-size --format=avr --mcu=atmega32 Door_Locker_MC1.elf
AVR Memory Usage
----------------
Device: atmega32

Program:   19722 bytes (60.2% Full)
(.text + .data + .bootloader)

Data:        171 bytes (8.3% Full)
(.data + .bss + .noinit)


Finished building: sizedummy
 
01:32:22 **** Incremental Build of configuration Debug for project Door_Locker_MC2 ****
make all 
Building file: ../App.c
Invoking: AVR Compiler
avr-gcc -Wall -g2 -gstabs -O0 -fpack-struct -fshort-enums -ffunction-sections -fdata-sections -std=gnu99 -funsigned-char -funsigned-bitfields -mmcu=atmega32 -DF_CPU=8000000UL -MMD -MP -MF"App.d" -MT"App.o" -c -o "App.o" "../App.c"
In file included from ../App.c:14:
c:/winavr-20100110/lib/gcc/../../avr/include/util/delay.h:90:3: warning: #warning "Compiler optimizations disabled; functions from <util/delay.h> won't work as designed"
../App.c:22:1: warning: "ERROR" redefined
In file included from ../App.c:13:
../external_eeprom.h:22:1: warning: this is the location of the previous definition
../App.c: In function 'main':
../App.c:55: warning: large integer implicitly truncated to unsigned type
Finished building: ../App.c
 
Building file: ../buzzer.c
Invoking: AVR Compiler
avr-gcc -Wall -g2 -gstabs -O0 -fpack-struct -fshort-enums -ffunction-sections -fdata-sections -std=gnu99 -funsigned-char -funsigned-bitfields -mmcu=atmega32 -DF_CPU=8000000UL -MMD -MP -MF"buzzer.d" -MT"buzzer.o" -c -o "buzzer.o" "../buzzer.c"
Finished building: ../buzzer.c
 
Building file: ../dc_motor.c
Invoking: AVR Compiler
avr-gcc -Wall -g2 -gstabs -O0 -fpack-struct -fshort-enums -ffunction-sections -fdata-sections -std=gnu99 -funsigned-char -funsigned-bitfields -mmcu=atmega32 -DF_CPU=8000000UL -MMD -MP -MF"dc_motor.d" -MT"dc_motor.o" -c -o "dc_motor.o" "../dc_motor.c"
Finished building: ../dc_motor.c
 
Building file: ../external_eeprom.c
Invoking: AVR Compiler
avr-gcc -Wall -g2 -gstabs -O0 -fpack-struct -fshort-enums -ffunction-sections -fdata-sections -std=gnu99 -funsigned-char -funsigned-bitfields -mmcu=atmega32 -DF_CPU=8000000UL -MMD -MP -MF"external_eeprom.d" -MT"external_eeprom.o" -c -o "external_eeprom.o" "../external_eeprom.c"
Finished building: ../external_eeprom.c
 
Building file: ../gpio.c
Invoking: AVR Compiler
avr-gcc -Wall -g2 -gstabs -O0 -fpack-struct -fshort-enums -ffunction-sections -fdata-sections -std=gnu99 -funsigned-char -funsigned-bitfields -mmcu=atmega32 -DF_CPU=8000000UL -MMD -MP -MF"gpio.d" -MT"gpio.o" -c -o "gpio.o" "../gpio.c"
Finished building: ../gpio.c
 
Building file: ../pwm.c
Invoking: AVR Compiler
avr-gcc -Wall -g2 -gstabs -O0 -fpack-struct -fshort-enums -ffunction-sections -fdata-sections -std=gnu99 -funsigned-char -funsigned-bitfields -mmcu=atmega32 -DF_CPU=8000000UL -MMD -MP -MF"pwm.d" -MT"pwm.o" -c -o "pwm.o" "../pwm.c"
Finished building: ../pwm.c
 
Building file: ../timerOne.c
Invoking: AVR Compiler
avr-gcc -Wall -g2 -gstabs -O0 -fpack-struct -fshort-enums -ffunction-sections -fdata-sections -std=gnu99 -funsigned-char -funsigned-bitfields -mmcu=atmega32 -DF_CPU=8000000UL -MMD -MP -MF"timerOne.d" -MT"timerOne.o" -c -o "timerOne.o" "../timerOne.c"
Finished building: ../timerOne.c
 
Building file: ../twi.c
Invoking: AVR Compiler
avr-gcc -Wall -g2 -gstabs -O0 -fpack-struct -fshort-enums -ffunction-sections -fdata-sections -std=gnu99 -funsigned-char -funsigned-bitfields -mmcu=atmega32 -DF_CPU=8000000UL -MMD -MP -MF"twi.d" -MT"twi.o" -c -o "twi.o" "../twi.c"
Finished building: ../twi.c
 
Building file: ../uart.c
Invoking: AVR Compiler
avr-gcc -Wall -g2 -gstabs -O0 -fpack-struct -fshort-enums -ffunction-sections -fdata-sections -std=gnu99 -funsigned-char -funsigned-bitfields -mmcu=atmega32 -DF_CPU=8000000UL -MMD -MP -MF"uart.d" -MT"uart.o" -c -o "uart.o" "../uart.c"
Finished building: ../uart.c
 
Building target: Door_Locker_MC2.elf
Invoking: AVR C Linker
avr-gcc -Wl,-Map,Door_Locker_MC2.map -mmcu=atmega32 -o "Door_Locker_MC2.elf"  ./App.o ./buzzer.o ./dc_motor.o ./external_eeprom.o ./gpio.o ./pwm.o ./timerOne.o ./twi.o ./uart.o   
Finished building target: Door_Locker_MC2.elf
 
Invoking: AVR Create Extended Listing
avr-objdump -h -S Door_Locker_MC2.elf  >"Door_Locker_MC2.lss"
Finished building: Door_Locker_MC2.lss
 
Invoking: Print Size
avr-size --format=avr --mcu=atmega32 Door_Locker_MC2.elf
AVR Memory Usage
----------------
Device: atmega32

Program:    8358 bytes (25.5% Full)
(.text + .data + .bootloader)

Data:         25 bytes (1.2% Full)
(.data + .bss + .noinit)


Finished building: sizedummy
 
01:36:59 **** Incremental Build of configuration Debug for project Door_Locker_MC1 ****
make all 
Invoking: Print Size
avr-size --format=avr --mcu=atmega32 Door_Locker_MC1.elf
AVR Memory Usage
----------------
Device: atmega32

Program:   19722 bytes (60.2% Full)
(.text + .data + .bootloader)

Data:        171 bytes (8.3% Full)
(.data + .bss + .noinit)


Finished building: sizedummy
 
01:37:00 **** Incremental Build of configuration Debug for project Door_Locker_MC2 ****
make all 
Building file: ../App.c
Invoking: AVR Compiler
avr-gcc -Wall -g2 -gstabs -O0 -fpack-struct -fshort-enums -ffunction-sections -fdata-sections -std=gnu99 -funsigned-char -funsigned-bitfields -mmcu=atmega32 -DF_CPU=8000000UL -MMD -MP -MF"App.d" -MT"App.o" -c -o "App.o" "../App.c"
In file included from ../App.c:14:
c:/winavr-20100110/lib/gcc/../../avr/include/util/delay.h:90:3: warning: #warning "Compiler optimizations disabled; functions from <util/delay.h> won't work as designed"
../App.c:22:1: warning: "ERROR" redefined
In file included from ../App.c:13:
../external_eeprom.h:22:1: warning: this is the location of the previous definition
Finished building: ../App.c
 
Building file: ../external_eeprom.c
Invoking: AVR Compiler
avr-gcc -Wall -g2 -gstabs -O0 -fpack-struct -fshort-enums -ffunction-sections -fdata-sections -std=gnu99 -funsigned-char -funsigned-bitfields -mmcu=atmega32 -DF_CPU=8000000UL -MMD -MP -MF"external_eeprom.d" -MT"external_eeprom.o" -c -o "external_eeprom.o" "../external_eeprom.c"
Finished building: ../external_eeprom.c
 
Building file: ../twi.c
Invoking: AVR Compiler
avr-gcc -Wall -g2 -gstabs -O0 -fpack-struct -fshort-enums -ffunction-sections -fdata-sections -std=gnu99 -funsigned-char -funsigned-bitfields -mmcu=atmega32 -DF_CPU=8000000UL -MMD -MP -MF"twi.d" -MT"twi.o" -c -o "twi.o" "../twi.c"
Finished building: ../twi.c
 
Building target: Door_Locker_MC2.elf
Invoking: AVR C Linker
avr-gcc -Wl,-Map,Door_Locker_MC2.map -mmcu=atmega32 -o "Door_Locker_MC2.elf"  ./App.o ./buzzer.o ./dc_motor.o ./external_eeprom.o ./gpio.o ./pwm.o ./timerOne.o ./twi.o ./uart.o   
Finished building target: Door_Locker_MC2.elf
 
Invoking: AVR Create Extended Listing
avr-objdump -h -S Door_Locker_MC2.elf  >"Door_Locker_MC2.lss"
Finished building: Door_Locker_MC2.lss
 
Invoking: Print Size
avr-size --format=avr --mcu=atmega32 Door_Locker_MC2.elf
AVR Memory Usage
----------------
Device: atmega32

Program:    8358 bytes (25.5% Full)
(.text + .data + .bootloader)

Data:         25 bytes (1.2% Full)
(.data + .bss + .noinit)


Finished building: sizedummy
 
01:37:03 **** Incremental Build of configuration Debug for project Door_Locker_MC1 ****
make all 
Invoking: Print Size
avr-size --format=avr --mcu=atmega32 Door_Locker_MC1.elf
AVR Memory Usage
----------------
Device: atmega32

Program:   19722 bytes (60.2% Full)
(.text + .data + .bootloader)

Data:        171 bytes (8.3% Full)
(.data + .bss + .noinit)


Finished building: sizedummy
 
01:37:04 **** Incremental Build of configuration Debug for project Door_Locker_MC2 ****
make all 
Invoking: Print Size
avr-size --format=avr --mcu=atmega32 Door_Locker_MC2.elf
AVR Memory Usage
----------------
Device: atmega32

Program:    8358 bytes (25.5% Full)
(.text + .data + .bootloader)

Data:         25 bytes (1.2% Full)
(.data + .bss + .noinit)


Finished building: sizedummy
 
02:16:51 **** Incremental Build of configuration Debug for project Door_Locker_MC1 ****
make all 
Building file: ../App.c
Invoking: AVR Compiler
avr-gcc -Wall -g2 -gstabs -O0 -fpack-struct -fshort-enums -ffunction-sections -fdata-sections -std=gnu99 -funsigned-char -funsigned-bitfields -mmcu=atmega32 -DF_CPU=8000000UL -MMD -MP -MF"App.d" -MT"App.o" -c -o "App.o" "../App.c"
In file included from ../App.c:12:
c:/winavr-20100110/lib/gcc/../../avr/include/util/delay.h:90:3: warning: #warning "Compiler optimizations disabled; functions from <util/delay.h> won't work as designed"
Finished building: ../App.c
 
Building target: Door_Locker_MC1.elf
Invoking: AVR C Linker
avr-gcc -Wl,-Map,Door_Locker_MC1.map -mmcu=atmega32 -o "Door_Locker_MC1.elf"  ./App.o ./gpio.o ./keypad.o ./lcd.o ./timerOne.o ./uart.o   
Finished building target: Door_Locker_MC1.elf
 
Invoking: AVR Create Extended Listing
avr-objdump -h -S Door_Locker_MC1.elf  >"Door_Locker_MC1.lss"
Finished building: Door_Locker_MC1.lss
 
Invoking: Print Size
avr-size --format=avr --mcu=atmega32 Door_Locker_MC1.elf
AVR Memory Usage
----------------
Device: atmega32

Program:   22704 bytes (69.3% Full)
(.text + .data + .bootloader)

Data:        171 bytes (8.3% Full)
(.data + .bss + .noinit)


Finished building: sizedummy
 
02:16:54 **** Incremental Build of configuration Debug for project Door_Locker_MC2 ****
make all 
Building file: ../App.c
Invoking: AVR Compiler
avr-gcc -Wall -g2 -gstabs -O0 -fpack-struct -fshort-enums -ffunction-sections -fdata-sections -std=gnu99 -funsigned-char -funsigned-bitfields -mmcu=atmega32 -DF_CPU=8000000UL -MMD -MP -MF"App.d" -MT"App.o" -c -o "App.o" "../App.c"
In file included from ../App.c:14:
c:/winavr-20100110/lib/gcc/../../avr/include/util/delay.h:90:3: warning: #warning "Compiler optimizations disabled; functions from <util/delay.h> won't work as designed"
../App.c:22:1: warning: "ERROR" redefined
In file included from ../App.c:13:
../external_eeprom.h:22:1: warning: this is the location of the previous definition
Finished building: ../App.c
 
Building file: ../buzzer.c
Invoking: AVR Compiler
avr-gcc -Wall -g2 -gstabs -O0 -fpack-struct -fshort-enums -ffunction-sections -fdata-sections -std=gnu99 -funsigned-char -funsigned-bitfields -mmcu=atmega32 -DF_CPU=8000000UL -MMD -MP -MF"buzzer.d" -MT"buzzer.o" -c -o "buzzer.o" "../buzzer.c"
Finished building: ../buzzer.c
 
Building file: ../dc_motor.c
Invoking: AVR Compiler
avr-gcc -Wall -g2 -gstabs -O0 -fpack-struct -fshort-enums -ffunction-sections -fdata-sections -std=gnu99 -funsigned-char -funsigned-bitfields -mmcu=atmega32 -DF_CPU=8000000UL -MMD -MP -MF"dc_motor.d" -MT"dc_motor.o" -c -o "dc_motor.o" "../dc_motor.c"
Finished building: ../dc_motor.c
 
Building file: ../external_eeprom.c
Invoking: AVR Compiler
avr-gcc -Wall -g2 -gstabs -O0 -fpack-struct -fshort-enums -ffunction-sections -fdata-sections -std=gnu99 -funsigned-char -funsigned-bitfields -mmcu=atmega32 -DF_CPU=8000000UL -MMD -MP -MF"external_eeprom.d" -MT"external_eeprom.o" -c -o "external_eeprom.o" "../external_eeprom.c"
Finished building: ../external_eeprom.c
 
Building file: ../gpio.c
Invoking: AVR Compiler
avr-gcc -Wall -g2 -gstabs -O0 -fpack-struct -fshort-enums -ffunction-sections -fdata-sections -std=gnu99 -funsigned-char -funsigned-bitfields -mmcu=atmega32 -DF_CPU=8000000UL -MMD -MP -MF"gpio.d" -MT"gpio.o" -c -o "gpio.o" "../gpio.c"
Finished building: ../gpio.c
 
Building file: ../pwm.c
Invoking: AVR Compiler
avr-gcc -Wall -g2 -gstabs -O0 -fpack-struct -fshort-enums -ffunction-sections -fdata-sections -std=gnu99 -funsigned-char -funsigned-bitfields -mmcu=atmega32 -DF_CPU=8000000UL -MMD -MP -MF"pwm.d" -MT"pwm.o" -c -o "pwm.o" "../pwm.c"
Finished building: ../pwm.c
 
Building file: ../timerOne.c
Invoking: AVR Compiler
avr-gcc -Wall -g2 -gstabs -O0 -fpack-struct -fshort-enums -ffunction-sections -fdata-sections -std=gnu99 -funsigned-char -funsigned-bitfields -mmcu=atmega32 -DF_CPU=8000000UL -MMD -MP -MF"timerOne.d" -MT"timerOne.o" -c -o "timerOne.o" "../timerOne.c"
Finished building: ../timerOne.c
 
Building file: ../twi.c
Invoking: AVR Compiler
avr-gcc -Wall -g2 -gstabs -O0 -fpack-struct -fshort-enums -ffunction-sections -fdata-sections -std=gnu99 -funsigned-char -funsigned-bitfields -mmcu=atmega32 -DF_CPU=8000000UL -MMD -MP -MF"twi.d" -MT"twi.o" -c -o "twi.o" "../twi.c"
Finished building: ../twi.c
 
Building file: ../uart.c
Invoking: AVR Compiler
avr-gcc -Wall -g2 -gstabs -O0 -fpack-struct -fshort-enums -ffunction-sections -fdata-sections -std=gnu99 -funsigned-char -funsigned-bitfields -mmcu=atmega32 -DF_CPU=8000000UL -MMD -MP -MF"uart.d" -MT"uart.o" -c -o "uart.o" "../uart.c"
Finished building: ../uart.c
 
Building target: Door_Locker_MC2.elf
Invoking: AVR C Linker
avr-gcc -Wl,-Map,Door_Locker_MC2.map -mmcu=atmega32 -o "Door_Locker_MC2.elf"  ./App.o ./buzzer.o ./dc_motor.o ./external_eeprom.o ./gpio.o ./pwm.o ./timerOne.o ./twi.o ./uart.o   
Finished building target: Door_Locker_MC2.elf
 
Invoking: AVR Create Extended Listing
avr-objdump -h -S Door_Locker_MC2.elf  >"Door_Locker_MC2.lss"
Finished building: Door_Locker_MC2.lss
 
Invoking: Print Size
avr-size --format=avr --mcu=atmega32 Door_Locker_MC2.elf
AVR Memory Usage
----------------
Device: atmega32

Program:    8358 bytes (25.5% Full)
(.text + .data + .bootloader)

Data:         25 bytes (1.2% Full)
(.data + .bss + .noinit)


Finished building: sizedummy
 
02:17:15 **** Incremental Build of configuration Debug for project Door_Locker_MC1 ****
make all 
Invoking: Print Size
avr-size --format=avr --mcu=atmega32 Door_Locker_MC1.elf
AVR Memory Usage
----------------
Device: atmega32

Program:   22704 bytes (69.3% Full)
(.text + .data + .bootloader)

Data:        171 bytes (8.3% Full)
(.data + .bss + .noinit)


Finished building: sizedummy
 
02:17:16 **** Incremental Build of configuration Debug for project Door_Locker_MC2 ****
make all 
Invoking: Print Size
avr-size --format=avr --mcu=atmega32 Door_Locker_MC2.elf
AVR Memory Usage
----------------
Device: atmega32

Program:    8358 bytes (25.5% Full)
(.text + .data + .bootloader)

Data:         25 bytes (1.2% Full)
(.data + .bss + .noinit)


Finished building: sizedummy
 
02:17:18 **** Incremental Build of configuration Debug for project Door_Locker_MC1 ****
make all 
Invoking: Print Size
avr-size --format=avr --mcu=atmega32 Door_Locker_MC1.elf
AVR Memory Usage
----------------
Device: atmega32

Program:   22704 bytes (69.3% Full)
(.text + .data + .bootloader)

Data:        171 bytes (8.3% Full)
(.data + .bss + .noinit)


Finished building: sizedummy
 
02:17:19 **** Incremental Build of configuration Debug for project Door_Locker_MC2 ****
make all 
Invoking: Print Size
avr-size --format=avr --mcu=atmega32 Door_Locker_MC2.elf
AVR Memory Usage
----------------
Device: atmega32

Program:    8358 bytes (25.5% Full)
(.text + .data + .bootloader)

Data:         25 bytes (1.2% Full)
(.data + .bss + .noinit)


Finished building: sizedummy
 
